<?xml version="1.0" encoding="UTF-8"?>
<!-- Generated by org.testng.reporters.JUnitXMLReporter -->
<testsuite hostname="aj-HP-Compaq-Pro-6300-SFF" ignored="0" name="Any Name" tests="5" failures="0" timestamp="26 Mar 2018 09:46:57 GMT" time="25.252" errors="0">
  <testcase name="@BeforeMethod Launchapp" time="25.188" classname="Login.Signup">
    <failure type="org.openqa.selenium.WebDriverException" message="An unknown server-side error occurred while processing the command. Original error: Could not find a connected Android device. (WARNING: The server did not provide any stacktrace information)
Command duration or timeout: 24.60 seconds
Build info: version: &amp;apos;3.6.0&amp;apos;, revision: &amp;apos;6fbf3ec767&amp;apos;, time: &amp;apos;2017-09-27T16:15:26.402Z&amp;apos;
System info: host: &amp;apos;aj-HP-Compaq-Pro-6300-SFF&amp;apos;, ip: &amp;apos;127.0.1.1&amp;apos;, os.name: &amp;apos;Linux&amp;apos;, os.arch: &amp;apos;amd64&amp;apos;, os.version: &amp;apos;4.4.0-116-generic&amp;apos;, java.version: &amp;apos;1.8.0_151&amp;apos;
Driver info: driver.version: AndroidDriver">
      <![CDATA[org.openqa.selenium.WebDriverException: An unknown server-side error occurred while processing the command. Original error: Could not find a connected Android device. (WARNING: The server did not provide any stacktrace information)
Command duration or timeout: 24.60 seconds
Build info: version: '3.6.0', revision: '6fbf3ec767', time: '2017-09-27T16:15:26.402Z'
System info: host: 'aj-HP-Compaq-Pro-6300-SFF', ip: '127.0.1.1', os.name: 'Linux', os.arch: 'amd64', os.version: '4.4.0-116-generic', java.version: '1.8.0_151'
Driver info: driver.version: AndroidDriver
at org.openqa.selenium.remote.ErrorHandler.createThrowable(ErrorHandler.java:214)
at org.openqa.selenium.remote.ErrorHandler.throwIfResponseFailed(ErrorHandler.java:166)
at org.openqa.selenium.remote.JsonWireProtocolResponse.lambda$new$0(JsonWireProtocolResponse.java:53)
at org.openqa.selenium.remote.JsonWireProtocolResponse.lambda$getResponseFunction$2(JsonWireProtocolResponse.java:91)
at org.openqa.selenium.remote.ProtocolHandshake.lambda$createSession$24(ProtocolHandshake.java:359)
at java.util.stream.ReferencePipeline$3$1.accept(ReferencePipeline.java:193)
at java.util.Spliterators$ArraySpliterator.tryAdvance(Spliterators.java:958)
at java.util.stream.ReferencePipeline.forEachWithCancel(ReferencePipeline.java:126)
at java.util.stream.AbstractPipeline.copyIntoWithCancel(AbstractPipeline.java:498)
at java.util.stream.AbstractPipeline.copyInto(AbstractPipeline.java:485)
at java.util.stream.AbstractPipeline.wrapAndCopyInto(AbstractPipeline.java:471)
at java.util.stream.FindOps$FindOp.evaluateSequential(FindOps.java:152)
at java.util.stream.AbstractPipeline.evaluate(AbstractPipeline.java:234)
at java.util.stream.ReferencePipeline.findFirst(ReferencePipeline.java:464)
at org.openqa.selenium.remote.ProtocolHandshake.createSession(ProtocolHandshake.java:362)
at org.openqa.selenium.remote.ProtocolHandshake.createSession(ProtocolHandshake.java:136)
at org.openqa.selenium.remote.HttpCommandExecutor.execute(HttpCommandExecutor.java:142)
at io.appium.java_client.remote.AppiumCommandExecutor.execute(AppiumCommandExecutor.java:89)
at org.openqa.selenium.remote.RemoteWebDriver.execute(RemoteWebDriver.java:586)
at io.appium.java_client.DefaultGenericMobileDriver.execute(DefaultGenericMobileDriver.java:42)
at io.appium.java_client.AppiumDriver.execute(AppiumDriver.java:1)
at io.appium.java_client.android.AndroidDriver.execute(AndroidDriver.java:1)
at org.openqa.selenium.remote.RemoteWebDriver.startSession(RemoteWebDriver.java:217)
at org.openqa.selenium.remote.RemoteWebDriver.<init>(RemoteWebDriver.java:140)
at io.appium.java_client.DefaultGenericMobileDriver.<init>(DefaultGenericMobileDriver.java:38)
at io.appium.java_client.AppiumDriver.<init>(AppiumDriver.java:83)
at io.appium.java_client.AppiumDriver.<init>(AppiumDriver.java:93)
at io.appium.java_client.android.AndroidDriver.<init>(AndroidDriver.java:72)
at Login.Signup.Launchapp(Signup.java:40)
... Removed 32 stack frames]]>
    </failure>
  </testcase> <!-- @BeforeMethod Launchapp -->
  <testcase name="@AfterMethod quitDriver" time="0.0" classname="Login.Signup">
    <skipped/>
  </testcase> <!-- @AfterMethod quitDriver -->
  <testcase name="@BeforeMethod Launchapp" time="0.0" classname="Login.Signup">
    <skipped/>
  </testcase> <!-- @BeforeMethod Launchapp -->
  <testcase name="@AfterMethod quitDriver" time="0.0" classname="Login.Signup">
    <skipped/>
  </testcase> <!-- @AfterMethod quitDriver -->
  <testcase name="@BeforeMethod Launchapp" time="0.0" classname="Login.Signup">
    <skipped/>
  </testcase> <!-- @BeforeMethod Launchapp -->
  <testcase name="@AfterMethod quitDriver" time="0.0" classname="Login.Signup">
    <skipped/>
  </testcase> <!-- @AfterMethod quitDriver -->
  <testcase name="@BeforeMethod Launchapp" time="0.0" classname="Login.Signup">
    <skipped/>
  </testcase> <!-- @BeforeMethod Launchapp -->
  <testcase name="@AfterMethod quitDriver" time="0.0" classname="Login.Signup">
    <skipped/>
  </testcase> <!-- @AfterMethod quitDriver -->
  <testcase name="@BeforeMethod Launchapp" time="0.0" classname="Login.Signup">
    <skipped/>
  </testcase> <!-- @BeforeMethod Launchapp -->
  <testcase name="@AfterMethod quitDriver" time="0.0" classname="Login.Signup">
    <skipped/>
  </testcase> <!-- @AfterMethod quitDriver -->
  <testcase name="signup_negativetest1" time="0.0" classname="Login.Signup">
    <skipped/>
  </testcase> <!-- signup_negativetest1 -->
  <testcase name="signup_negativetest2" time="0.0" classname="Login.Signup">
    <skipped/>
  </testcase> <!-- signup_negativetest2 -->
  <testcase name="signup_negativetest3" time="0.0" classname="Login.Signup">
    <skipped/>
  </testcase> <!-- signup_negativetest3 -->
  <testcase name="signup_negativetest4" time="0.0" classname="Login.Signup">
    <skipped/>
  </testcase> <!-- signup_negativetest4 -->
  <testcase name="signup_positivetest" time="0.0" classname="Login.Signup">
    <skipped/>
  </testcase> <!-- signup_positivetest -->
</testsuite> <!-- Any Name -->
